#
# There is insufficient memory for the Java Runtime Environment to continue.
# Native memory allocation (malloc) failed to allocate 1048576 bytes for AllocateHeap
# Possible reasons:
#   The system is out of physical RAM or swap space
#   The process is running with CompressedOops enabled, and the Java Heap may be blocking the growth of the native heap
# Possible solutions:
#   Reduce memory load on the system
#   Increase physical memory or swap space
#   Check if swap backing store is full
#   Decrease Java heap size (-Xmx/-Xms)
#   Decrease number of Java threads
#   Decrease Java thread stack sizes (-Xss)
#   Set larger code cache with -XX:ReservedCodeCacheSize=
#   JVM is running with Unscaled Compressed Oops mode in which the Java heap is
#     placed in the first 4GB address space. The Java Heap base address is the
#     maximum limit for the native heap growth. Please use -XX:HeapBaseMinAddress
#     to set the Java Heap base and to place the Java Heap above 4GB virtual address.
# This output file may be truncated or incomplete.
#
#  Out of Memory Error (t:/workspace/open/src/hotspot/share/memory/allocation.cpp:46), pid=23500, tid=50136
#
# JRE version: Java(TM) SE Runtime Environment (11.0.4+10) (build 11.0.4+10-LTS)
# Java VM: Java HotSpot(TM) 64-Bit Server VM (11.0.4+10-LTS, mixed mode, tiered, compressed oops, g1 gc, windows-amd64)
# No core dump will be written. Minidumps are not enabled by default on client versions of Windows
#

---------------  S U M M A R Y ------------

Command Line: -XX:TieredStopAtLevel=1 -Xverify:none -Dspring.output.ansi.enabled=always -Dcom.sun.management.jmxremote -Dspring.jmx.enabled=true -Dspring.liveBeansView.mbeanDomain -Dspring.application.admin.enabled=true -Dmanagement.endpoints.jmx.exposure.include=* -javaagent:C:\Program Files\JetBrains\IntelliJ IDEA 2023.1.2\lib\idea_rt.jar=50115:C:\Program Files\JetBrains\IntelliJ IDEA 2023.1.2\bin -Dfile.encoding=UTF-8 com.cfk.ebankingbanking.EbankingBankingApplication

Host: Intel(R) Core(TM) i5-7200U CPU @ 2.50GHz, 4 cores, 7G,  Windows 10 , 64 bit Build 19041 (10.0.19041.3636)
Time: Wed Mar  6 23:02:40 2024 Paris, Madrid elapsed time: 15 seconds (0d 0h 0m 15s)

---------------  T H R E A D  ---------------

Current thread (0x00000278b66a9000):  VMThread "VM Thread" [stack: 0x000000aebaf00000,0x000000aebb000000] [id=50136]

Stack: [0x000000aebaf00000,0x000000aebb000000]
[error occurred during error reporting (printing stack bounds), id 0xc0000005, EXCEPTION_ACCESS_VIOLATION (0xc0000005) at pc=0x00000278a06b0bad]

Native frames: (J=compiled Java code, j=interpreted, Vv=VM code, C=native code)
V  [jvm.dll+0x635bda]
V  [jvm.dll+0x77360f]
V  [jvm.dll+0x774cba]
V  [jvm.dll+0x7752d5]
V  [jvm.dll+0x77528b]
V  [jvm.dll+0x6352e6]
V  [jvm.dll+0x6356a8]
C  [ntdll.dll+0xa23af]
C  [ntdll.dll+0x514b4]
C  [ntdll.dll+0xa0ebe]
C  0x00000278a06b0bad

VM_Operation (0x000000aebbff46f0): CollectForMetadataAllocation, mode: safepoint, requested by thread 0x00000278b86e8800


---------------  P R O C E S S  ---------------

Threads class SMR info:
_java_thread_list=0x00000278b9097b60, length=18, elements={
0x0000027898375800, 0x00000278b66d2000, 0x00000278b66df800, 0x00000278b66f0800,
0x00000278b7072800, 0x00000278b7073000, 0x00000278b707a000, 0x00000278b665f800,
0x00000278b71a3800, 0x00000278b7724000, 0x00000278b7725000, 0x00000278b7836000,
0x00000278b8608000, 0x00000278b86e8800, 0x00000278b8791000, 0x00000278b87b2000,
0x00000278b948a800, 0x00000278b7967000
}

Java Threads: ( => current thread )
  0x0000027898375800 JavaThread "main" [_thread_blocked, id=47736, stack(0x000000aeba900000,0x000000aebaa00000)]
  0x00000278b66d2000 JavaThread "Reference Handler" daemon [_thread_blocked, id=49768, stack(0x000000aebb000000,0x000000aebb100000)]
  0x00000278b66df800 JavaThread "Finalizer" daemon [_thread_blocked, id=49328, stack(0x000000aebb100000,0x000000aebb200000)]
  0x00000278b66f0800 JavaThread "Signal Dispatcher" daemon [_thread_blocked, id=48536, stack(0x000000aebb200000,0x000000aebb300000)]
  0x00000278b7072800 JavaThread "Attach Listener" daemon [_thread_blocked, id=34612, stack(0x000000aebb300000,0x000000aebb400000)]
  0x00000278b7073000 JavaThread "C1 CompilerThread0" daemon [_thread_blocked, id=37820, stack(0x000000aebb400000,0x000000aebb500000)]
  0x00000278b707a000 JavaThread "Sweeper thread" daemon [_thread_blocked, id=49212, stack(0x000000aebb500000,0x000000aebb600000)]
  0x00000278b665f800 JavaThread "Common-Cleaner" daemon [_thread_blocked, id=47940, stack(0x000000aebb600000,0x000000aebb700000)]
  0x00000278b71a3800 JavaThread "C1 CompilerThread1" daemon [_thread_blocked, id=49696, stack(0x000000aebb700000,0x000000aebb800000)]
  0x00000278b7724000 JavaThread "Monitor Ctrl-Break" daemon [_thread_in_native, id=34448, stack(0x000000aebbb00000,0x000000aebbc00000)]
  0x00000278b7725000 JavaThread "Service Thread" daemon [_thread_blocked, id=46540, stack(0x000000aebbc00000,0x000000aebbd00000)]
  0x00000278b7836000 JavaThread "RMI TCP Accept-0" daemon [_thread_in_native, id=49388, stack(0x000000aebb800000,0x000000aebb900000)]
  0x00000278b8608000 JavaThread "Thread-0" [_thread_blocked, id=48572, stack(0x000000aebbe00000,0x000000aebbf00000)]
  0x00000278b86e8800 JavaThread "restartedMain" [_thread_blocked, id=2372, stack(0x000000aebbf00000,0x000000aebc000000)]
  0x00000278b8791000 JavaThread "RMI TCP Connection(2)-192.168.56.1" daemon [_thread_in_native, id=47564, stack(0x000000aebc000000,0x000000aebc100000)]
  0x00000278b87b2000 JavaThread "RMI Scheduler(0)" daemon [_thread_blocked, id=34076, stack(0x000000aebc100000,0x000000aebc200000)]
  0x00000278b948a800 JavaThread "mysql-cj-abandoned-connection-cleanup" daemon [_thread_blocked, id=40592, stack(0x000000aebc300000,0x000000aebc400000)]
  0x00000278b7967000 JavaThread "RMI TCP Connection(3)-192.168.56.1" daemon [_thread_in_native, id=45432, stack(0x000000aebc400000,0x000000aebc500000)]

Other Threads:
=>0x00000278b66a9000 VMThread "VM Thread" [stack: 0x000000aebaf00000,0x000000aebb000000] [id=50136]
  0x00000278b782a000 WatcherThread [stack: 0x000000aebbd00000,0x000000aebbe00000] [id=49220]
  0x000002789838d800 GCTaskThread "GC Thread#0" [stack: 0x000000aebaa00000,0x000000aebab00000] [id=49544]
  0x00000278b770d800 GCTaskThread "GC Thread#1" [stack: 0x000000aebb900000,0x000000aebba00000] [id=49260]
  0x00000278b7708000 GCTaskThread "GC Thread#2" [stack: 0x000000aebba00000,0x000000aebbb00000] [id=49180]
  0x00000278b7708800 GCTaskThread "GC Thread#3" [stack: 0x000000aebc200000,0x000000aebc300000] [id=46136]
  0x00000278983bc000 ConcurrentGCThread "G1 Main Marker" [stack: 0x000000aebab00000,0x000000aebac00000] [id=40600]
  0x00000278983c0000 ConcurrentGCThread "G1 Conc#0" [stack: 0x000000aebac00000,0x000000aebad00000] [id=38996]
  0x00000278b6510800 ConcurrentGCThread "G1 Refine#0" [stack: 0x000000aebad00000,0x000000aebae00000] [id=34420]
  0x00000278b6511000 ConcurrentGCThread "G1 Young RemSet Sampling" [stack: 0x000000aebae00000,0x000000aebaf00000] [id=49192]

Threads with active compile tasks:

VM state:at safepoint (normal execution)

VM Mutex/Monitor currently owned by a thread:  ([mutex/lock_event])
[0x0000027898373820] Threads_lock - owner thread: 0x00000278b66a9000
[0x0000027898373940] Heap_lock - owner thread: 0x00000278b86e8800

Heap address: 0x0000000081c00000, size: 2020 MB, Compressed Oops mode: 32-bit
Narrow klass base: 0x0000000000000000, Narrow klass shift: 3
Compressed class space size: 1073741824 Address: 0x0000000100000000

Heap:
 garbage-first heap   total 157696K, used 27440K [0x0000000081c00000, 0x0000000100000000)
  region size 1024K, 9 young (9216K), 9 survivors (9216K)
 Metaspace       used 45003K, capacity 46540K, committed 46720K, reserved 1097728K
  class space    used 5766K, capacity 6402K, committed 6528K, reserved 1048576K
Heap Regions: E=young(eden), S=young(survivor), O=old, HS=humongous(starts), HC=humongous(continues), CS=collection set, F=free, A=archive, TAMS=top-at-mark-start (previous, next)
|   0|0x0000000081c00000, 0x0000000081d00000, 0x0000000081d00000|100%|HS|  |TAMS 0x0000000081d00000, 0x0000000081d00000| Complete 
|   1|0x0000000081d00000, 0x0000000081e00000, 0x0000000081e00000|100%|HS|  |TAMS 0x0000000081e00000, 0x0000000081e00000| Complete 
|   2|0x0000000081e00000, 0x0000000081f00000, 0x0000000081f00000|100%| O|  |TAMS 0x0000000081f00000, 0x0000000081f00000| Untracked 
|   3|0x0000000081f00000, 0x0000000082000000, 0x0000000082000000|100%| O|  |TAMS 0x0000000082000000, 0x0000000082000000| Untracked 
|   4|0x0000000082000000, 0x0000000082100000, 0x0000000082100000|100%| O|  |TAMS 0x0000000082100000, 0x0000000082100000| Untracked 
|   5|0x0000000082100000, 0x0000000082200000, 0x0000000082200000|100%| O|  |TAMS 0x0000000082200000, 0x0000000082200000| Untracked 
|   6|0x0000000082200000, 0x0000000082300000, 0x0000000082300000|100%| O|  |TAMS 0x0000000082300000, 0x0000000082300000| Untracked 
|   7|0x0000000082300000, 0x0000000082400000, 0x0000000082400000|100%| O|  |TAMS 0x0000000082400000, 0x0000000082400000| Untracked 
|   8|0x0000000082400000, 0x0000000082500000, 0x0000000082500000|100%| O|  |TAMS 0x0000000082500000, 0x0000000082500000| Untracked 
|   9|0x0000000082500000, 0x0000000082600000, 0x0000000082600000|100%| O|  |TAMS 0x0000000082600000, 0x0000000082600000| Untracked 
|  10|0x0000000082600000, 0x0000000082700000, 0x0000000082700000|100%| O|  |TAMS 0x0000000082627400, 0x0000000082700000| Untracked 
|  11|0x0000000082700000, 0x0000000082700000, 0x0000000082800000|  0%| F|  |TAMS 0x0000000082700000, 0x0000000082700000| Untracked 
|  12|0x0000000082800000, 0x0000000082800000, 0x0000000082900000|  0%| F|  |TAMS 0x0000000082800000, 0x0000000082800000| Untracked 
|  13|0x0000000082900000, 0x0000000082a00000, 0x0000000082a00000|100%| O|  |TAMS 0x0000000082900000, 0x0000000082a00000| Untracked 
|  14|0x0000000082a00000, 0x0000000082b00000, 0x0000000082b00000|100%| O|  |TAMS 0x0000000082a00000, 0x0000000082b00000| Untracked 
|  15|0x0000000082b00000, 0x0000000082c00000, 0x0000000082c00000|100%| O|  |TAMS 0x0000000082b00000, 0x0000000082c00000| Untracked 
|  16|0x0000000082c00000, 0x0000000082c00000, 0x0000000082d00000|  0%| F|  |TAMS 0x0000000082c00000, 0x0000000082c00000| Untracked 
|  17|0x0000000082d00000, 0x0000000082d00000, 0x0000000082e00000|  0%| F|  |TAMS 0x0000000082d00000, 0x0000000082d00000| Untracked 
|  18|0x0000000082e00000, 0x0000000082e00000, 0x0000000082f00000|  0%| F|  |TAMS 0x0000000082e00000, 0x0000000082e00000| Untracked 
|  19|0x0000000082f00000, 0x0000000082f00000, 0x0000000083000000|  0%| F|  |TAMS 0x0000000082f00000, 0x0000000082f00000| Untracked 
|  20|0x0000000083000000, 0x0000000083000000, 0x0000000083100000|  0%| F|  |TAMS 0x0000000083000000, 0x0000000083000000| Untracked 
|  21|0x0000000083100000, 0x0000000083100000, 0x0000000083200000|  0%| F|  |TAMS 0x0000000083100000, 0x0000000083100000| Untracked 
|  22|0x0000000083200000, 0x0000000083200000, 0x0000000083300000|  0%| F|  |TAMS 0x0000000083200000, 0x0000000083200000| Untracked 
|  23|0x0000000083300000, 0x0000000083400000, 0x0000000083400000|100%| O|  |TAMS 0x0000000083300000, 0x0000000083400000| Untracked 
|  24|0x0000000083400000, 0x0000000083500000, 0x0000000083500000|100%| O|  |TAMS 0x0000000083400000, 0x0000000083500000| Untracked 
|  25|0x0000000083500000, 0x0000000083600000, 0x0000000083600000|100%| O|  |TAMS 0x0000000083500000, 0x0000000083600000| Untracked 
|  26|0x0000000083600000, 0x0000000083700000, 0x0000000083700000|100%| O|  |TAMS 0x0000000083600000, 0x0000000083700000| Untracked 
|  27|0x0000000083700000, 0x0000000083700000, 0x0000000083800000|  0%| F|  |TAMS 0x0000000083700000, 0x0000000083700000| Untracked 
|  28|0x0000000083800000, 0x0000000083800000, 0x0000000083900000|  0%| F|  |TAMS 0x0000000083800000, 0x0000000083800000| Untracked 
|  29|0x0000000083900000, 0x0000000083900000, 0x0000000083a00000|  0%| F|  |TAMS 0x0000000083900000, 0x0000000083900000| Untracked 
|  30|0x0000000083a00000, 0x0000000083a00000, 0x0000000083b00000|  0%| F|  |TAMS 0x0000000083a00000, 0x0000000083a00000| Untracked 
|  31|0x0000000083b00000, 0x0000000083b00000, 0x0000000083c00000|  0%| F|  |TAMS 0x0000000083b00000, 0x0000000083b00000| Untracked 
|  32|0x0000000083c00000, 0x0000000083c00000, 0x0000000083d00000|  0%| F|  |TAMS 0x0000000083c00000, 0x0000000083c00000| Untracked 
|  33|0x0000000083d00000, 0x0000000083d00000, 0x0000000083e00000|  0%| F|  |TAMS 0x0000000083d00000, 0x0000000083d00000| Untracked 
|  34|0x0000000083e00000, 0x0000000083e00000, 0x0000000083f00000|  0%| F|  |TAMS 0x0000000083e00000, 0x0000000083e00000| Untracked 
|  35|0x0000000083f00000, 0x0000000083f00000, 0x0000000084000000|  0%| F|  |TAMS 0x0000000083f00000, 0x0000000083f00000| Untracked 
|  36|0x0000000084000000, 0x0000000084000000, 0x0000000084100000|  0%| F|  |TAMS 0x0000000084000000, 0x0000000084000000| Untracked 
|  37|0x0000000084100000, 0x0000000084100000, 0x0000000084200000|  0%| F|  |TAMS 0x0000000084100000, 0x0000000084100000| Untracked 
|  38|0x0000000084200000, 0x0000000084200000, 0x0000000084300000|  0%| F|  |TAMS 0x0000000084200000, 0x0000000084200000| Untracked 
|  39|0x0000000084300000, 0x0000000084300000, 0x0000000084400000|  0%| F|  |TAMS 0x0000000084300000, 0x0000000084300000| Untracked 
|  40|0x0000000084400000, 0x0000000084400000, 0x0000000084500000|  0%| F|  |TAMS 0x0000000084400000, 0x0000000084400000| Untracked 
|  41|0x0000000084500000, 0x0000000084500000, 0x0000000084600000|  0%| F|  |TAMS 0x0000000084500000, 0x0000000084500000| Untracked 
|  42|0x0000000084600000, 0x0000000084600000, 0x0000000084700000|  0%| F|  |TAMS 0x0000000084600000, 0x0000000084600000| Untracked 
|  43|0x0000000084700000, 0x0000000084700000, 0x0000000084800000|  0%| F|  |TAMS 0x0000000084700000, 0x0000000084700000| Untracked 
|  44|0x0000000084800000, 0x0000000084800000, 0x0000000084900000|  0%| F|  |TAMS 0x0000000084800000, 0x0000000084800000| Untracked 
|  45|0x0000000084900000, 0x0000000084900000, 0x0000000084a00000|  0%| F|  |TAMS 0x0000000084900000, 0x0000000084900000| Untracked 
|  46|0x0000000084a00000, 0x0000000084a00000, 0x0000000084b00000|  0%| F|  |TAMS 0x0000000084a00000, 0x0000000084a00000| Untracked 
|  47|0x0000000084b00000, 0x0000000084b00000, 0x0000000084c00000|  0%| F|  |TAMS 0x0000000084b00000, 0x0000000084b00000| Untracked 
|  48|0x0000000084c00000, 0x0000000084c00000, 0x0000000084d00000|  0%| F|  |TAMS 0x0000000084c00000, 0x0000000084c00000| Untracked 
|  49|0x0000000084d00000, 0x0000000084d00000, 0x0000000084e00000|  0%| F|  |TAMS 0x0000000084d00000, 0x0000000084d00000| Untracked 
|  50|0x0000000084e00000, 0x0000000084e00000, 0x0000000084f00000|  0%| F|  |TAMS 0x0000000084e00000, 0x0000000084e00000| Untracked 
|  51|0x0000000084f00000, 0x0000000084f00000, 0x0000000085000000|  0%| F|  |TAMS 0x0000000084f00000, 0x0000000084f00000| Untracked 
|  52|0x0000000085000000, 0x0000000085000000, 0x0000000085100000|  0%| F|  |TAMS 0x0000000085000000, 0x0000000085000000| Untracked 
|  53|0x0000000085100000, 0x0000000085100000, 0x0000000085200000|  0%| F|  |TAMS 0x0000000085100000, 0x0000000085100000| Untracked 
|  54|0x0000000085200000, 0x0000000085200000, 0x0000000085300000|  0%| F|  |TAMS 0x0000000085200000, 0x0000000085200000| Untracked 
|  55|0x0000000085300000, 0x0000000085300000, 0x0000000085400000|  0%| F|  |TAMS 0x0000000085300000, 0x0000000085300000| Untracked 
|  56|0x0000000085400000, 0x0000000085400000, 0x0000000085500000|  0%| F|  |TAMS 0x0000000085400000, 0x0000000085400000| Untracked 
|  57|0x0000000085500000, 0x0000000085500000, 0x0000000085600000|  0%| F|  |TAMS 0x0000000085500000, 0x0000000085500000| Untracked 
|  58|0x0000000085600000, 0x0000000085600000, 0x0000000085700000|  0%| F|  |TAMS 0x0000000085600000, 0x0000000085600000| Untracked 
|  59|0x0000000085700000, 0x0000000085700000, 0x0000000085800000|  0%| F|  |TAMS 0x0000000085700000, 0x0000000085700000| Untracked 
|  60|0x0000000085800000, 0x0000000085800000, 0x0000000085900000|  0%| F|  |TAMS 0x0000000085800000, 0x0000000085800000| Untracked 
|  61|0x0000000085900000, 0x0000000085900000, 0x0000000085a00000|  0%| F|  |TAMS 0x0000000085900000, 0x0000000085900000| Untracked 
|  62|0x0000000085a00000, 0x0000000085a00000, 0x0000000085b00000|  0%| F|  |TAMS 0x0000000085a00000, 0x0000000085a00000| Untracked 
|  63|0x0000000085b00000, 0x0000000085b00000, 0x0000000085c00000|  0%| F|  |TAMS 0x0000000085b00000, 0x0000000085b00000| Untracked 
|  64|0x0000000085c00000, 0x0000000085ccc078, 0x0000000085d00000| 79%| S|CS|TAMS 0x0000000085c00000, 0x0000000085c00000| Complete 
|  65|0x0000000085d00000, 0x0000000085e00000, 0x0000000085e00000|100%| S|CS|TAMS 0x0000000085d00000, 0x0000000085d00000| Complete 
|  66|0x0000000085e00000, 0x0000000085f00000, 0x0000000085f00000|100%| S|CS|TAMS 0x0000000085e00000, 0x0000000085e00000| Complete 
|  67|0x0000000085f00000, 0x0000000086000000, 0x0000000086000000|100%| S|CS|TAMS 0x0000000085f00000, 0x0000000085f00000| Complete 
|  68|0x0000000086000000, 0x0000000086100000, 0x0000000086100000|100%| S|CS|TAMS 0x0000000086000000, 0x0000000086000000| Complete 
|  69|0x0000000086100000, 0x0000000086200000, 0x0000000086200000|100%| S|CS|TAMS 0x0000000086100000, 0x0000000086100000| Complete 
|  70|0x0000000086200000, 0x0000000086300000, 0x0000000086300000|100%| S|CS|TAMS 0x0000000086200000, 0x0000000086200000| Complete 
|  71|0x0000000086300000, 0x0000000086400000, 0x0000000086400000|100%| S|CS|TAMS 0x0000000086300000, 0x0000000086300000| Complete 
|  72|0x0000000086400000, 0x0000000086400000, 0x0000000086500000|  0%| F|  |TAMS 0x0000000086400000, 0x0000000086400000| Untracked 
|  73|0x0000000086500000, 0x0000000086500000, 0x0000000086600000|  0%| F|  |TAMS 0x0000000086500000, 0x0000000086500000| Untracked 
|  74|0x0000000086600000, 0x0000000086600000, 0x0000000086700000|  0%| F|  |TAMS 0x0000000086600000, 0x0000000086600000| Untracked 
|  75|0x0000000086700000, 0x0000000086700000, 0x0000000086800000|  0%| F|  |TAMS 0x0000000086700000, 0x0000000086700000| Untracked 
|  76|0x0000000086800000, 0x0000000086800000, 0x0000000086900000|  0%| F|  |TAMS 0x0000000086800000, 0x0000000086800000| Untracked 
|  77|0x0000000086900000, 0x0000000086a00000, 0x0000000086a00000|100%| S|CS|TAMS 0x0000000086900000, 0x0000000086900000| Complete 
|  78|0x0000000086a00000, 0x0000000086a00000, 0x0000000086b00000|  0%| F|  |TAMS 0x0000000086a00000, 0x0000000086a00000| Untracked 
|  79|0x0000000086b00000, 0x0000000086b00000, 0x0000000086c00000|  0%| F|  |TAMS 0x0000000086b00000, 0x0000000086b00000| Untracked 
|  80|0x0000000086c00000, 0x0000000086c00000, 0x0000000086d00000|  0%| F|  |TAMS 0x0000000086c00000, 0x0000000086c00000| Untracked 
|  81|0x0000000086d00000, 0x0000000086d00000, 0x0000000086e00000|  0%| F|  |TAMS 0x0000000086d00000, 0x0000000086d00000| Untracked 
|  82|0x0000000086e00000, 0x0000000086e00000, 0x0000000086f00000|  0%| F|  |TAMS 0x0000000086e00000, 0x0000000086e00000| Untracked 
|  83|0x0000000086f00000, 0x0000000086f00000, 0x0000000087000000|  0%| F|  |TAMS 0x0000000086f00000, 0x0000000086f00000| Untracked 
|  84|0x0000000087000000, 0x0000000087000000, 0x0000000087100000|  0%| F|  |TAMS 0x0000000087000000, 0x0000000087000000| Untracked 
|  85|0x0000000087100000, 0x0000000087100000, 0x0000000087200000|  0%| F|  |TAMS 0x0000000087100000, 0x0000000087100000| Untracked 
|  86|0x0000000087200000, 0x0000000087200000, 0x0000000087300000|  0%| F|  |TAMS 0x0000000087200000, 0x0000000087200000| Untracked 
|  87|0x0000000087300000, 0x0000000087300000, 0x0000000087400000|  0%| F|  |TAMS 0x0000000087300000, 0x0000000087300000| Untracked 
|  88|0x0000000087400000, 0x0000000087400000, 0x0000000087500000|  0%| F|  |TAMS 0x0000000087400000, 0x0000000087400000| Untracked 
|  89|0x0000000087500000, 0x0000000087500000, 0x0000000087600000|  0%| F|  |TAMS 0x0000000087500000, 0x0000000087500000| Untracked 
|  90|0x0000000087600000, 0x0000000087600000, 0x0000000087700000|  0%| F|  |TAMS 0x0000000087600000, 0x0000000087600000| Untracked 
|  91|0x0000000087700000, 0x0000000087700000, 0x0000000087800000|  0%| F|  |TAMS 0x0000000087700000, 0x0000000087700000| Untracked 
|  92|0x0000000087800000, 0x0000000087800000, 0x0000000087900000|  0%| F|  |TAMS 0x0000000087800000, 0x0000000087800000| Untracked 
|  93|0x0000000087900000, 0x0000000087900000, 0x0000000087a00000|  0%| F|  |TAMS 0x0000000087900000, 0x0000000087900000| Untracked 
|  94|0x0000000087a00000, 0x0000000087a00000, 0x0000000087b00000|  0%| F|  |TAMS 0x0000000087a00000, 0x0000000087a00000| Untracked 
|  95|0x0000000087b00000, 0x0000000087b00000, 0x0000000087c00000|  0%| F|  |TAMS 0x0000000087b00000, 0x0000000087b00000| Untracked 
|  96|0x0000000087c00000, 0x0000000087c00000, 0x0000000087d00000|  0%| F|  |TAMS 0x0000000087c00000, 0x0000000087c00000| Untracked 
|  97|0x0000000087d00000, 0x0000000087d00000, 0x0000000087e00000|  0%| F|  |TAMS 0x0000000087d00000, 0x0000000087d00000| Untracked 
|  98|0x0000000087e00000, 0x0000000087e00000, 0x0000000087f00000|  0%| F|  |TAMS 0x0000000087e00000, 0x0000000087e00000| Untracked 
|  99|0x0000000087f00000, 0x0000000087f00000, 0x0000000088000000|  0%| F|  |TAMS 0x0000000087f00000, 0x0000000087f00000| Untracked 
| 100|0x0000000088000000, 0x0000000088000000, 0x0000000088100000|  0%| F|  |TAMS 0x0000000088000000, 0x0000000088000000| Untracked 
| 101|0x0000000088100000, 0x0000000088100000, 0x0000000088200000|  0%| F|  |TAMS 0x0000000088100000, 0x0000000088100000| Untracked 
| 102|0x0000000088200000, 0x0000000088200000, 0x0000000088300000|  0%| F|  |TAMS 0x0000000088200000, 0x0000000088200000| Untracked 
| 103|0x0000000088300000, 0x0000000088300000, 0x0000000088400000|  0%| F|  |TAMS 0x0000000088300000, 0x0000000088300000| Untracked 
| 104|0x0000000088400000, 0x0000000088400000, 0x0000000088500000|  0%| F|  |TAMS 0x0000000088400000, 0x0000000088400000| Untracked 
| 105|0x0000000088500000, 0x0000000088500000, 0x0000000088600000|  0%| F|  |TAMS 0x0000000088500000, 0x0000000088500000| Untracked 
| 106|0x0000000088600000, 0x0000000088600000, 0x0000000088700000|  0%| F|  |TAMS 0x0000000088600000, 0x0000000088600000| Untracked 
| 107|0x0000000088700000, 0x0000000088700000, 0x0000000088800000|  0%| F|  |TAMS 0x0000000088700000, 0x0000000088700000| Untracked 
| 108|0x0000000088800000, 0x0000000088800000, 0x0000000088900000|  0%| F|  |TAMS 0x0000000088800000, 0x0000000088800000| Untracked 
| 109|0x0000000088900000, 0x0000000088900000, 0x0000000088a00000|  0%| F|  |TAMS 0x0000000088900000, 0x0000000088900000| Untracked 
| 110|0x0000000088a00000, 0x0000000088a00000, 0x0000000088b00000|  0%| F|  |TAMS 0x0000000088a00000, 0x0000000088a00000| Untracked 
| 111|0x0000000088b00000, 0x0000000088b00000, 0x0000000088c00000|  0%| F|  |TAMS 0x0000000088b00000, 0x0000000088b00000| Untracked 
| 112|0x0000000088c00000, 0x0000000088c00000, 0x0000000088d00000|  0%| F|  |TAMS 0x0000000088c00000, 0x0000000088c00000| Untracked 
| 113|0x0000000088d00000, 0x0000000088d00000, 0x0000000088e00000|  0%| F|  |TAMS 0x0000000088d00000, 0x0000000088d00000| Untracked 
| 114|0x0000000088e00000, 0x0000000088e00000, 0x0000000088f00000|  0%| F|  |TAMS 0x0000000088e00000, 0x0000000088e00000| Untracked 
| 115|0x0000000088f00000, 0x0000000088f00000, 0x0000000089000000|  0%| F|  |TAMS 0x0000000088f00000, 0x0000000088f00000| Untracked 
| 116|0x0000000089000000, 0x0000000089000000, 0x0000000089100000|  0%| F|  |TAMS 0x0000000089000000, 0x0000000089000000| Untracked 
| 117|0x0000000089100000, 0x0000000089100000, 0x0000000089200000|  0%| F|  |TAMS 0x0000000089100000, 0x0000000089100000| Untracked 
| 118|0x0000000089200000, 0x0000000089200000, 0x0000000089300000|  0%| F|  |TAMS 0x0000000089200000, 0x0000000089200000| Untracked 
| 119|0x0000000089300000, 0x0000000089300000, 0x0000000089400000|  0%| F|  |TAMS 0x0000000089300000, 0x0000000089300000| Untracked 
| 120|0x0000000089400000, 0x0000000089400000, 0x0000000089500000|  0%| F|  |TAMS 0x0000000089400000, 0x0000000089400000| Untracked 
| 121|0x0000000089500000, 0x0000000089500000, 0x0000000089600000|  0%| F|  |TAMS 0x0000000089500000, 0x0000000089500000| Untracked 
| 122|0x0000000089600000, 0x0000000089600000, 0x0000000089700000|  0%| F|  |TAMS 0x0000000089600000, 0x0000000089600000| Untracked 
| 123|0x0000000089700000, 0x0000000089700000, 0x0000000089800000|  0%| F|  |TAMS 0x0000000089700000, 0x0000000089700000| Untracked 
| 124|0x0000000089800000, 0x0000000089800000, 0x0000000089900000|  0%| F|  |TAMS 0x0000000089800000, 0x0000000089800000| Untracked 
| 125|0x0000000089900000, 0x0000000089900000, 0x0000000089a00000|  0%| F|  |TAMS 0x0000000089900000, 0x0000000089900000| Untracked 
| 126|0x0000000089a00000, 0x0000000089a00000, 0x0000000089b00000|  0%| F|  |TAMS 0x0000000089a00000, 0x0000000089a00000| Untracked 
| 127|0x0000000089b00000, 0x0000000089b00000, 0x0000000089c00000|  0%| F|  |TAMS 0x0000000089b00000, 0x0000000089b00000| Untracked 
| 128|0x0000000089c00000, 0x0000000089c00000, 0x0000000089d00000|  0%| F|  |TAMS 0x0000000089c00000, 0x0000000089c00000| Untracked 
| 129|0x0000000089d00000, 0x0000000089d00000, 0x0000000089e00000|  0%| F|  |TAMS 0x0000000089d00000, 0x0000000089d00000| Untracked 
| 130|0x0000000089e00000, 0x0000000089e00000, 0x0000000089f00000|  0%| F|  |TAMS 0x0000000089e00000, 0x0000000089e00000| Untracked 
| 131|0x0000000089f00000, 0x0000000089f00000, 0x000000008a000000|  0%| F|  |TAMS 0x0000000089f00000, 0x0000000089f00000| Untracked 
| 132|0x000000008a000000, 0x000000008a000000, 0x000000008a100000|  0%| F|  |TAMS 0x000000008a000000, 0x000000008a000000| Untracked 
| 133|0x000000008a100000, 0x000000008a100000, 0x000000008a200000|  0%| F|  |TAMS 0x000000008a100000, 0x000000008a100000| Untracked 
| 134|0x000000008a200000, 0x000000008a200000, 0x000000008a300000|  0%| F|  |TAMS 0x000000008a200000, 0x000000008a200000| Untracked 
| 135|0x000000008a300000, 0x000000008a300000, 0x000000008a400000|  0%| F|  |TAMS 0x000000008a300000, 0x000000008a300000| Untracked 
| 136|0x000000008a400000, 0x000000008a400000, 0x000000008a500000|  0%| F|  |TAMS 0x000000008a400000, 0x000000008a400000| Untracked 
| 137|0x000000008a500000, 0x000000008a500000, 0x000000008a600000|  0%| F|  |TAMS 0x000000008a500000, 0x000000008a500000| Untracked 
| 138|0x000000008a600000, 0x000000008a600000, 0x000000008a700000|  0%| F|  |TAMS 0x000000008a600000, 0x000000008a600000| Untracked 
| 139|0x000000008a700000, 0x000000008a700000, 0x000000008a800000|  0%| F|  |TAMS 0x000000008a700000, 0x000000008a700000| Untracked 
| 140|0x000000008a800000, 0x000000008a800000, 0x000000008a900000|  0%| F|  |TAMS 0x000000008a800000, 0x000000008a800000| Untracked 
| 141|0x000000008a900000, 0x000000008a900000, 0x000000008aa00000|  0%| F|  |TAMS 0x000000008a900000, 0x000000008a900000| Untracked 
| 142|0x000000008aa00000, 0x000000008aa00000, 0x000000008ab00000|  0%| F|  |TAMS 0x000000008aa00000, 0x000000008aa00000| Untracked 
| 143|0x000000008ab00000, 0x000000008ab00000, 0x000000008ac00000|  0%| F|  |TAMS 0x000000008ab00000, 0x000000008ab00000| Untracked 
| 144|0x000000008ac00000, 0x000000008ac00000, 0x000000008ad00000|  0%| F|  |TAMS 0x000000008ac00000, 0x000000008ac00000| Untracked 
| 145|0x000000008ad00000, 0x000000008ad00000, 0x000000008ae00000|  0%| F|  |TAMS 0x000000008ad00000, 0x000000008ad00000| Untracked 
| 146|0x000000008ae00000, 0x000000008ae00000, 0x000000008af00000|  0%| F|  |TAMS 0x000000008ae00000, 0x000000008ae00000| Untracked 
| 147|0x000000008af00000, 0x000000008af00000, 0x000000008b000000|  0%| F|  |TAMS 0x000000008af00000, 0x000000008af00000| Untracked 
| 148|0x000000008b000000, 0x000000008b000000, 0x000000008b100000|  0%| F|  |TAMS 0x000000008b000000, 0x000000008b000000| Untracked 
| 149|0x000000008b100000, 0x000000008b100000, 0x000000008b200000|  0%| F|  |TAMS 0x000000008b100000, 0x000000008b100000| Untracked 
| 150|0x000000008b200000, 0x000000008b200000, 0x000000008b300000|  0%| F|  |TAMS 0x000000008b200000, 0x000000008b200000| Untracked 
| 151|0x000000008b300000, 0x000000008b300000, 0x000000008b400000|  0%| F|  |TAMS 0x000000008b300000, 0x000000008b300000| Untracked 
| 152|0x000000008b400000, 0x000000008b400000, 0x000000008b500000|  0%| F|  |TAMS 0x000000008b400000, 0x000000008b400000| Untracked 
| 153|0x000000008b500000, 0x000000008b500000, 0x000000008b600000|  0%| F|  |TAMS 0x000000008b500000, 0x000000008b500000| Untracked 

Card table byte_map: [0x00000278afab0000,0x00000278afeb0000] _byte_map_base: 0x00000278af6a2000

Marking Bits (Prev, Next): (CMBitMap*) 0x00000278983b3258, (CMBitMap*) 0x00000278983b3290
 Prev Bits: [0x00000278b02b0000, 0x00000278b2240000)
 Next Bits: [0x00000278b2240000, 0x00000278b41d0000)

Polling page: 0x0000027896320000

Metaspace:

Usage:
  Non-class:     39.20 MB capacity,    38.32 MB ( 98%) used,   728.74 KB (  2%) free+waste,   171.81 KB ( <1%) overhead. 
      Class:      6.25 MB capacity,     5.63 MB ( 90%) used,   549.41 KB (  9%) free+waste,    86.44 KB (  1%) overhead. 
       Both:     45.45 MB capacity,    43.95 MB ( 97%) used,     1.25 MB (  3%) free+waste,   258.25 KB ( <1%) overhead. 

Virtual space:
  Non-class space:       48.00 MB reserved,      39.25 MB ( 82%) committed 
      Class space:        1.00 GB reserved,       6.38 MB ( <1%) committed 
             Both:        1.05 GB reserved,      45.63 MB (  4%) committed 

Chunk freelists:
   Non-Class:  6.75 KB
       Class:  3.75 KB
        Both:  10.50 KB

CodeHeap 'non-profiled nmethods': size=238912Kb used=7476Kb max_used=7476Kb free=231435Kb
 bounds [0x00000278a0d60000, 0x00000278a14b0000, 0x00000278af6b0000]
CodeHeap 'non-nmethods': size=6848Kb used=1751Kb max_used=2212Kb free=5096Kb
 bounds [0x00000278a06b0000, 0x00000278a0920000, 0x00000278a0d60000]
 total_blobs=5039 nmethods=4484 adapters=463
 compilation: enabled
              stopped_count=0, restarted_count=0
 full_count=0

Compilation events (10 events):
Event: 15.182 Thread 0x00000278b71a3800 nmethod 4480 0x00000278a14a9b10 code [0x00000278a14a9cc0, 0x00000278a14a9df0]
Event: 15.182 Thread 0x00000278b71a3800 4481       1       sun.security.util.CurveDB::bi (11 bytes)
Event: 15.183 Thread 0x00000278b71a3800 nmethod 4481 0x00000278a14a9e90 code [0x00000278a14aa040, 0x00000278a14aa1d0]
Event: 15.183 Thread 0x00000278b7073000 nmethod 4477 0x00000278a14aa290 code [0x00000278a14aa600, 0x00000278a14ab4b0]
Event: 15.183 Thread 0x00000278b71a3800 4482       1       java.util.Arrays::copyOfRange (63 bytes)
Event: 15.183 Thread 0x00000278b7073000 4483       1       java.math.BigInteger::signum (5 bytes)
Event: 15.183 Thread 0x00000278b7073000 nmethod 4483 0x00000278a14abf90 code [0x00000278a14ac140, 0x00000278a14ac258]
Event: 15.184 Thread 0x00000278b71a3800 nmethod 4482 0x00000278a14ac310 code [0x00000278a14ac540, 0x00000278a14acaa0]
Event: 15.185 Thread 0x00000278b7073000 4484       1       java.security.Provider$Service::getProvider (5 bytes)
Event: 15.185 Thread 0x00000278b7073000 nmethod 4484 0x00000278a14acd10 code [0x00000278a14acec0, 0x00000278a14acfd8]

GC Heap History (10 events):
Event: 10.486 GC heap before
{Heap before GC invocations=8 (full 0):
 garbage-first heap   total 131072K, used 86744K [0x0000000081c00000, 0x0000000100000000)
  region size 1024K, 76 young (77824K), 5 survivors (5120K)
 Metaspace       used 31640K, capacity 32809K, committed 32896K, reserved 1077248K
  class space    used 3957K, capacity 4404K, committed 4480K, reserved 1048576K
}
Event: 10.499 GC heap after
{Heap after GC invocations=9 (full 0):
 garbage-first heap   total 157696K, used 17011K [0x0000000081c00000, 0x0000000100000000)
  region size 1024K, 8 young (8192K), 8 survivors (8192K)
 Metaspace       used 31640K, capacity 32809K, committed 32896K, reserved 1077248K
  class space    used 3957K, capacity 4404K, committed 4480K, reserved 1048576K
}
Event: 11.435 GC heap before
{Heap before GC invocations=9 (full 0):
 garbage-first heap   total 157696K, used 47731K [0x0000000081c00000, 0x0000000100000000)
  region size 1024K, 39 young (39936K), 8 survivors (8192K)
 Metaspace       used 34427K, capacity 35757K, committed 35840K, reserved 1081344K
  class space    used 4370K, capacity 4920K, committed 4992K, reserved 1048576K
}
Event: 11.464 GC heap after
{Heap after GC invocations=10 (full 0):
 garbage-first heap   total 157696K, used 18589K [0x0000000081c00000, 0x0000000100000000)
  region size 1024K, 8 young (8192K), 8 survivors (8192K)
 Metaspace       used 34427K, capacity 35757K, committed 35840K, reserved 1081344K
  class space    used 4370K, capacity 4920K, committed 4992K, reserved 1048576K
}
Event: 12.032 GC heap before
{Heap before GC invocations=11 (full 0):
 garbage-first heap   total 157696K, used 97437K [0x0000000081c00000, 0x0000000100000000)
  region size 1024K, 84 young (86016K), 8 survivors (8192K)
 Metaspace       used 36168K, capacity 37541K, committed 37760K, reserved 1081344K
  class space    used 4541K, capacity 5087K, committed 5120K, reserved 1048576K
}
Event: 12.047 GC heap after
{Heap after GC invocations=12 (full 0):
 garbage-first heap   total 157696K, used 23883K [0x0000000081c00000, 0x0000000100000000)
  region size 1024K, 9 young (9216K), 9 survivors (9216K)
 Metaspace       used 36168K, capacity 37541K, committed 37760K, reserved 1081344K
  class space    used 4541K, capacity 5087K, committed 5120K, reserved 1048576K
}
Event: 12.567 GC heap before
{Heap before GC invocations=12 (full 0):
 garbage-first heap   total 157696K, used 109899K [0x0000000081c00000, 0x0000000100000000)
  region size 1024K, 86 young (88064K), 9 survivors (9216K)
 Metaspace       used 36704K, capacity 38112K, committed 38272K, reserved 1083392K
  class space    used 4586K, capacity 5128K, committed 5248K, reserved 1048576K
}
Event: 12.578 GC heap after
{Heap after GC invocations=13 (full 0):
 garbage-first heap   total 157696K, used 23552K [0x0000000081c00000, 0x0000000100000000)
  region size 1024K, 5 young (5120K), 5 survivors (5120K)
 Metaspace       used 36704K, capacity 38112K, committed 38272K, reserved 1083392K
  class space    used 4586K, capacity 5128K, committed 5248K, reserved 1048576K
}
Event: 15.200 GC heap before
{Heap before GC invocations=13 (full 0):
 garbage-first heap   total 157696K, used 100352K [0x0000000081c00000, 0x0000000100000000)
  region size 1024K, 81 young (82944K), 5 survivors (5120K)
 Metaspace       used 45003K, capacity 46540K, committed 46720K, reserved 1095680K
  class space    used 5766K, capacity 6402K, committed 6528K, reserved 1048576K
}
Event: 15.218 GC heap after
{Heap after GC invocations=14 (full 0):
 garbage-first heap   total 157696K, used 27440K [0x0000000081c00000, 0x0000000100000000)
  region size 1024K, 9 young (9216K), 9 survivors (9216K)
 Metaspace       used 45003K, capacity 46540K, committed 46720K, reserved 1095680K
  class space    used 5766K, capacity 6402K, committed 6528K, reserved 1048576K
}

Deoptimization events (0 events):
No events

Classes redefined (0 events):
No events

Internal exceptions (10 events):
Event: 12.830 Thread 0x00000278b86e8800 Exception <a 'java/lang/ClassNotFoundException'{0x000000008a555bf0}: org/springframework/beans/factory/AwareCustomizer> (0x000000008a555bf0) thrown at [t:/workspace/open/src/hotspot/share/classfile/systemDictionary.cpp, line 231]
Event: 12.835 Thread 0x00000278b86e8800 Exception <a 'java/lang/ClassNotFoundException'{0x000000008a574958}: org/springframework/web/context/ServletContextAwareCustomizer> (0x000000008a574958) thrown at [t:/workspace/open/src/hotspot/share/classfile/systemDictionary.cpp, line 231]
Event: 12.838 Thread 0x00000278b86e8800 Exception <a 'java/lang/ClassNotFoundException'{0x000000008a592030}: org/springframework/beans/factory/AwareCustomizer> (0x000000008a592030) thrown at [t:/workspace/open/src/hotspot/share/classfile/systemDictionary.cpp, line 231]
Event: 13.614 Thread 0x00000278b7967000 Exception <a 'java/lang/reflect/InvocationTargetException'{0x0000000088fd0db8}> (0x0000000088fd0db8) thrown at [t:/workspace/open/src/hotspot/share/runtime/reflection.cpp, line 1242]
Event: 14.130 Thread 0x00000278b7967000 Exception <a 'java/lang/reflect/InvocationTargetException'{0x0000000088fe2208}> (0x0000000088fe2208) thrown at [t:/workspace/open/src/hotspot/share/runtime/reflection.cpp, line 1242]
Event: 14.642 Thread 0x00000278b7967000 Exception <a 'java/lang/reflect/InvocationTargetException'{0x0000000088ffca20}> (0x0000000088ffca20) thrown at [t:/workspace/open/src/hotspot/share/runtime/reflection.cpp, line 1242]
Event: 15.138 Thread 0x00000278b86e8800 Exception <a 'java/lang/UnsatisfiedLinkError'{0x0000000086ba50e8}> (0x0000000086ba50e8) thrown at [t:/workspace/open/src/hotspot/share/prims/jvm.cpp, line 3458]
Event: 15.138 Thread 0x00000278b86e8800 Exception <a 'java/lang/UnsatisfiedLinkError'{0x0000000086ba50e8}> (0x0000000086ba50e8) thrown at [t:/workspace/open/src/hotspot/share/prims/jni.cpp, line 615]
Event: 15.138 Thread 0x00000278b86e8800 Exception <a 'java/lang/UnsatisfiedLinkError'{0x0000000086ba50e8}> (0x0000000086ba50e8) thrown at [t:/workspace/open/src/hotspot/share/prims/jvm.cpp, line 1311]
Event: 15.138 Thread 0x00000278b86e8800 Exception <a 'java/lang/UnsatisfiedLinkError'{0x0000000086ba50e8}> (0x0000000086ba50e8) thrown at [t:/workspace/open/src/hotspot/share/oops/instanceKlass.cpp, line 1036]

Events (10 events):
Event: 15.195 loading class javax/net/ssl/X509TrustManager done
Event: 15.195 loading class javax/net/ssl/SSLContext
Event: 15.196 loading class javax/net/ssl/SSLContext done
Event: 15.196 loading class javax/net/ssl/SSLContextSpi
Event: 15.196 loading class javax/net/ssl/SSLContextSpi done
Event: 15.196 loading class sun/security/ssl/SSLContextImpl$TLSContext
Event: 15.197 loading class sun/security/ssl/SSLContextImpl$CustomizedTLSContext
Event: 15.198 loading class sun/security/ssl/SSLContextImpl$AbstractTLSContext
Event: 15.199 loading class sun/security/ssl/SSLContextImpl
Event: 15.200 Executing VM operation: CollectForMetadataAllocation


Dynamic libraries:
0x00007ff71b640000 - 0x00007ff71b687000 	C:\Program Files\Java\jdk-11.0.4\bin\java.exe
0x00007ff9c7370000 - 0x00007ff9c7568000 	C:\WINDOWS\SYSTEM32\ntdll.dll
0x00007ff9c6b50000 - 0x00007ff9c6c0d000 	C:\WINDOWS\System32\KERNEL32.DLL
0x00007ff9c4e10000 - 0x00007ff9c5106000 	C:\WINDOWS\System32\KERNELBASE.dll
0x00007ff9c6c10000 - 0x00007ff9c6cc3000 	C:\WINDOWS\System32\ADVAPI32.dll
0x00007ff9c5660000 - 0x00007ff9c56fe000 	C:\WINDOWS\System32\msvcrt.dll
0x00007ff9c5da0000 - 0x00007ff9c5e3f000 	C:\WINDOWS\System32\sechost.dll
0x00007ff9c5530000 - 0x00007ff9c5656000 	C:\WINDOWS\System32\RPCRT4.dll
0x00007ff9c4b50000 - 0x00007ff9c4b77000 	C:\WINDOWS\System32\bcrypt.dll
0x00007ff9c6230000 - 0x00007ff9c63ce000 	C:\WINDOWS\System32\USER32.dll
0x00007ff9c4ce0000 - 0x00007ff9c4d02000 	C:\WINDOWS\System32\win32u.dll
0x00007ff9c63d0000 - 0x00007ff9c63fb000 	C:\WINDOWS\System32\GDI32.dll
0x00007ff9c4a30000 - 0x00007ff9c4b47000 	C:\WINDOWS\System32\gdi32full.dll
0x00007ff9c5310000 - 0x00007ff9c53ad000 	C:\WINDOWS\System32\msvcp_win.dll
0x00007ff9c4d10000 - 0x00007ff9c4e10000 	C:\WINDOWS\System32\ucrtbase.dll
0x00007ff9b13c0000 - 0x00007ff9b165a000 	C:\WINDOWS\WinSxS\amd64_microsoft.windows.common-controls_6595b64144ccf1df_6.0.19041.3636_none_60b6a03d71f818d5\COMCTL32.dll
0x00007ff9b99a0000 - 0x00007ff9b99aa000 	C:\WINDOWS\SYSTEM32\VERSION.dll
0x00007ff9c53b0000 - 0x00007ff9c53e2000 	C:\WINDOWS\System32\IMM32.DLL
0x00007ff9a3b70000 - 0x00007ff9a3b86000 	C:\Program Files\Java\jdk-11.0.4\bin\vcruntime140.dll
0x00007ff929180000 - 0x00007ff92922a000 	C:\Program Files\Java\jdk-11.0.4\bin\msvcp140.dll
0x00007ff91c400000 - 0x00007ff91cf27000 	C:\Program Files\Java\jdk-11.0.4\bin\server\jvm.dll
0x00007ff9c5bb0000 - 0x00007ff9c5bb8000 	C:\WINDOWS\System32\PSAPI.DLL
0x00007ff9ad960000 - 0x00007ff9ad987000 	C:\WINDOWS\SYSTEM32\WINMM.dll
0x00007ff9acdd0000 - 0x00007ff9acdd9000 	C:\WINDOWS\SYSTEM32\WSOCK32.dll
0x00007ff9c6d50000 - 0x00007ff9c6dbb000 	C:\WINDOWS\System32\WS2_32.dll
0x00007ff9c3230000 - 0x00007ff9c3242000 	C:\WINDOWS\SYSTEM32\kernel.appcore.dll
0x00007ff989850000 - 0x00007ff989861000 	C:\Program Files\Java\jdk-11.0.4\bin\verify.dll
0x00007ff9c2f00000 - 0x00007ff9c30e4000 	C:\WINDOWS\SYSTEM32\DBGHELP.DLL
0x00007ff9a9480000 - 0x00007ff9a94b4000 	C:\WINDOWS\SYSTEM32\dbgcore.DLL
0x00007ff9c5110000 - 0x00007ff9c5192000 	C:\WINDOWS\System32\bcryptPrimitives.dll
0x00007ff985a10000 - 0x00007ff985a39000 	C:\Program Files\Java\jdk-11.0.4\bin\java.dll
0x00007ff961d60000 - 0x00007ff961d8f000 	C:\Program Files\Java\jdk-11.0.4\bin\instrument.dll
0x00007ff985710000 - 0x00007ff985726000 	C:\Program Files\Java\jdk-11.0.4\bin\zip.dll
0x00007ff9ba4b0000 - 0x00007ff9ba4ba000 	C:\Program Files\Java\jdk-11.0.4\bin\jimage.dll
0x00007ff9c6400000 - 0x00007ff9c6b45000 	C:\WINDOWS\System32\SHELL32.dll
0x00007ff9c2690000 - 0x00007ff9c2e2c000 	C:\WINDOWS\SYSTEM32\windows.storage.dll
0x00007ff9c6fd0000 - 0x00007ff9c7324000 	C:\WINDOWS\System32\combase.dll
0x00007ff9c4460000 - 0x00007ff9c448e000 	C:\WINDOWS\SYSTEM32\Wldp.dll
0x00007ff9c5cd0000 - 0x00007ff9c5d9d000 	C:\WINDOWS\System32\OLEAUT32.dll
0x00007ff9c5bc0000 - 0x00007ff9c5c6d000 	C:\WINDOWS\System32\SHCORE.dll
0x00007ff9c5c70000 - 0x00007ff9c5cc5000 	C:\WINDOWS\System32\shlwapi.dll
0x00007ff9c4960000 - 0x00007ff9c4985000 	C:\WINDOWS\SYSTEM32\profapi.dll
0x00007ff979c30000 - 0x00007ff979c49000 	C:\Program Files\Java\jdk-11.0.4\bin\net.dll
0x00007ff9bb530000 - 0x00007ff9bb63a000 	C:\WINDOWS\SYSTEM32\WINHTTP.dll
0x00007ff9b33f0000 - 0x00007ff9b35dc000 	C:\WINDOWS\SYSTEM32\urlmon.dll
0x00007ff9b6340000 - 0x00007ff9b65fc000 	C:\WINDOWS\SYSTEM32\iertutil.dll
0x00007ff9b33c0000 - 0x00007ff9b33e8000 	C:\WINDOWS\SYSTEM32\srvcli.dll
0x00007ff9c3e80000 - 0x00007ff9c3e8c000 	C:\WINDOWS\SYSTEM32\netutils.dll
0x00007ff9c41c0000 - 0x00007ff9c422a000 	C:\WINDOWS\system32\mswsock.dll
0x00007ff9790f0000 - 0x00007ff979103000 	C:\Program Files\Java\jdk-11.0.4\bin\nio.dll
0x00007ff961b40000 - 0x00007ff961b5a000 	C:\Program Files\JetBrains\IntelliJ IDEA 2023.1.2\bin\breakgen64.dll
0x00007ff9c3e90000 - 0x00007ff9c3f5b000 	C:\WINDOWS\SYSTEM32\DNSAPI.dll
0x00007ff9c3e40000 - 0x00007ff9c3e7b000 	C:\WINDOWS\SYSTEM32\IPHLPAPI.DLL
0x00007ff9c5b90000 - 0x00007ff9c5b98000 	C:\WINDOWS\System32\NSI.dll
0x000000005c580000 - 0x000000005c5a6000 	C:\Program Files\Bonjour\mdnsNSP.dll
0x00007ff9bceb0000 - 0x00007ff9bceba000 	C:\Windows\System32\rasadhlp.dll
0x00007ff9b20c0000 - 0x00007ff9b2140000 	C:\WINDOWS\System32\fwpuclnt.dll
0x00007ff9a3b30000 - 0x00007ff9a3b39000 	C:\Program Files\Java\jdk-11.0.4\bin\management.dll
0x00007ff995090000 - 0x00007ff99509c000 	C:\Program Files\Java\jdk-11.0.4\bin\management_ext.dll
0x00007ff9c43b0000 - 0x00007ff9c43c8000 	C:\WINDOWS\SYSTEM32\CRYPTSP.dll
0x00007ff9c3a40000 - 0x00007ff9c3a74000 	C:\WINDOWS\system32\rsaenh.dll
0x00007ff9c4920000 - 0x00007ff9c494e000 	C:\WINDOWS\SYSTEM32\USERENV.dll
0x00007ff9c43d0000 - 0x00007ff9c43dc000 	C:\WINDOWS\SYSTEM32\CRYPTBASE.dll
0x00007ff9bc6e0000 - 0x00007ff9bc6f7000 	C:\WINDOWS\SYSTEM32\dhcpcsvc6.DLL
0x00007ff9bc650000 - 0x00007ff9bc66d000 	C:\WINDOWS\SYSTEM32\dhcpcsvc.DLL
0x00007ff9a7440000 - 0x00007ff9a7457000 	C:\WINDOWS\system32\napinsp.dll
0x00007ff9a32b0000 - 0x00007ff9a32cb000 	C:\WINDOWS\system32\pnrpnsp.dll
0x00007ff9beec0000 - 0x00007ff9beed5000 	C:\WINDOWS\system32\wshbth.dll
0x00007ff9c16b0000 - 0x00007ff9c16cd000 	C:\WINDOWS\system32\NLAapi.dll
0x00007ff9a3290000 - 0x00007ff9a32a2000 	C:\WINDOWS\System32\winrnr.dll
0x00007ff92cfa0000 - 0x00007ff92cfc7000 	C:\Program Files\Java\jdk-11.0.4\bin\sunec.dll

dbghelp: loaded successfully - version: 4.0.5 - missing functions: none
symbol engine: initialized successfully - sym options: 0x614 - pdb path: .;C:\Program Files\Java\jdk-11.0.4\bin;C:\WINDOWS\SYSTEM32;C:\WINDOWS\WinSxS\amd64_microsoft.windows.common-controls_6595b64144ccf1df_6.0.19041.3636_none_60b6a03d71f818d5;C:\Program Files\Java\jdk-11.0.4\bin\server;C:\Program Files\JetBrains\IntelliJ IDEA 2023.1.2\bin;C:\Program Files\Bonjour

VM Arguments:
jvm_args: -XX:TieredStopAtLevel=1 -Xverify:none -Dspring.output.ansi.enabled=always -Dcom.sun.management.jmxremote -Dspring.jmx.enabled=true -Dspring.liveBeansView.mbeanDomain -Dspring.application.admin.enabled=true -Dmanagement.endpoints.jmx.exposure.include=* -javaagent:C:\Program Files\JetBrains\IntelliJ IDEA 2023.1.2\lib\idea_rt.jar=50115:C:\Program Files\JetBrains\IntelliJ IDEA 2023.1.2\bin -Dfile.encoding=UTF-8 
java_command: com.cfk.ebankingbanking.EbankingBankingApplication
java_class_path (initial): D:\Projet_backend\ebanking-banking\target\classes;C:\Users\Cheikh Fall KHOUMA\.m2\repository\org\springframework\boot\spring-boot-starter-data-jpa\2.6.4\spring-boot-starter-data-jpa-2.6.4.jar;C:\Users\Cheikh Fall KHOUMA\.m2\repository\org\springframework\boot\spring-boot-starter-aop\2.6.4\spring-boot-starter-aop-2.6.4.jar;C:\Users\Cheikh Fall KHOUMA\.m2\repository\org\aspectj\aspectjweaver\1.9.7\aspectjweaver-1.9.7.jar;C:\Users\Cheikh Fall KHOUMA\.m2\repository\org\springframework\boot\spring-boot-starter-jdbc\2.6.4\spring-boot-starter-jdbc-2.6.4.jar;C:\Users\Cheikh Fall KHOUMA\.m2\repository\com\zaxxer\HikariCP\4.0.3\HikariCP-4.0.3.jar;C:\Users\Cheikh Fall KHOUMA\.m2\repository\org\springframework\spring-jdbc\5.3.16\spring-jdbc-5.3.16.jar;C:\Users\Cheikh Fall KHOUMA\.m2\repository\jakarta\transaction\jakarta.transaction-api\1.3.3\jakarta.transaction-api-1.3.3.jar;C:\Users\Cheikh Fall KHOUMA\.m2\repository\jakarta\persistence\jakarta.persistence-api\2.2.3\jakarta.persistence-api-2.2.3.jar;C:\Users\Cheikh Fall KHOUMA\.m2\repository\org\hibernate\hibernate-core\5.6.5.Final\hibernate-core-5.6.5.Final.jar;C:\Users\Cheikh Fall KHOUMA\.m2\repository\org\jboss\logging\jboss-logging\3.4.3.Final\jboss-logging-3.4.3.Final.jar;C:\Users\Cheikh Fall KHOUMA\.m2\repository\net\bytebuddy\byte-buddy\1.11.22\byte-buddy-1.11.22.jar;C:\Users\Cheikh Fall KHOUMA\.m2\repository\antlr\antlr\2.7.7\antlr-2.7.7.jar;C:\Users\Cheikh Fall KHOUMA\.m2\repository\org\jboss\jandex\2.4.2.Final\jandex-2.4.2.Final.jar;C:\Users\Cheikh Fall KHOUMA\.m2\repository\com\fasterxml\classmate\1.5.1\classmate-1.5.1.jar;C:\Users\Cheikh Fall KHOUMA\.m2\repository\org\hibernate\common\hibernate-commons-annotations\5.1.2.Final\hibernate-commons-annotations-5.1.2.Final.jar;C:\Users\Cheikh Fall KHOUMA\.m2\repository\org\glassfish\jaxb\jaxb-runtime\2.3.6\jaxb-runtime-2.3.6.jar;C:\Users\Cheikh Fall KHOUMA\.m2\repository\org\glassfish\jaxb\txw2\2.3.6\txw2-2.3.6.jar;C:\Users\Cheikh Fall KHOUMA
Launcher Type: SUN_STANDARD

[Global flags]
     bool BytecodeVerificationLocal                = false                                     {product} {command line}
     bool BytecodeVerificationRemote               = false                                     {product} {command line}
     intx CICompilerCount                          = 3                                         {product} {ergonomic}
     uint ConcGCThreads                            = 1                                         {product} {ergonomic}
     uint G1ConcRefinementThreads                  = 4                                         {product} {ergonomic}
   size_t G1HeapRegionSize                         = 1048576                                   {product} {ergonomic}
    uintx GCDrainStackTargetSize                   = 64                                        {product} {ergonomic}
   size_t InitialHeapSize                          = 134217728                                 {product} {ergonomic}
     bool ManagementServer                         = true                                      {product} {command line}
   size_t MarkStackSize                            = 4194304                                   {product} {ergonomic}
   size_t MaxHeapSize                              = 2118123520                                {product} {ergonomic}
   size_t MaxNewSize                               = 1270874112                                {product} {ergonomic}
   size_t MinHeapDeltaBytes                        = 1048576                                   {product} {ergonomic}
    uintx NonNMethodCodeHeapSize                   = 6973028                                {pd product} {ergonomic}
    uintx NonProfiledCodeHeapSize                  = 244685212                              {pd product} {ergonomic}
    uintx ProfiledCodeHeapSize                     = 0                                      {pd product} {ergonomic}
    uintx ReservedCodeCacheSize                    = 251658240                              {pd product} {ergonomic}
     bool SegmentedCodeCache                       = true                                      {product} {ergonomic}
     intx TieredStopAtLevel                        = 1                                         {product} {command line}
     bool UseCompressedClassPointers               = true                                 {lp64_product} {ergonomic}
     bool UseCompressedOops                        = true                                 {lp64_product} {ergonomic}
     bool UseG1GC                                  = true                                      {product} {ergonomic}
     bool UseLargePagesIndividualAllocation        = false                                  {pd product} {ergonomic}

Logging:
Log output configuration:
 #0: stdout all=warning uptime,level,tags
 #1: stderr all=off uptime,level,tags

Environment Variables:
JAVA_HOME=C:\Program Files\Java\jdk-17.0.9
PATH=C:\Python39\Scripts\;C:\Python39\;C:\Program Files (x86)\Intel\iCLS Client\;C:\Program Files\Intel\iCLS Client\;C:\WINDOWS\system32;C:\WINDOWS;C:\WINDOWS\System32\Wbem;C:\WINDOWS\System32\WindowsPowerShell\v1.0\;C:\WINDOWS\System32\OpenSSH\;C:\Program Files (x86)\Intel\Intel(R) Management Engine Components\DAL;C:\Program Files\Intel\Intel(R) Management Engine Components\DAL;C:\Program Files (x86)\Intel\Intel(R) Management Engine Components\IPT;C:\Program Files\Intel\Intel(R) Management Engine Components\IPT;C:\Program Files\Intel\WiFi\bin\;C:\Program Files\Common Files\Intel\WirelessCommon\;C:\Program Files\Java\jdk-17.0.9\bin;C:\Program Files\Git\cmd;C:\Program Files\MySQL\MySQL Server 8.0\bin;C:\ProgramData\chocolatey\bin;C:\Program Files\nodejs\;D:\maven\apache-maven-3.9.5\bin;D:\Tools;;C:\Program Files\Docker\Docker\resources\bin;C:\Program Files\MySQL\MySQL Shell 8.0\bin\;C:\Users\Cheikh Fall KHOUMA\AppData\Local\Microsoft\WindowsApps;C:\Users\Cheikh Fall KHOUMA\AppData\Local\Programs\Microsoft VS Code\bin;C:\Program Files\JetBrains\IntelliJ IDEA Community Edition 2021.3.3\bin;;C:\Users\Cheikh Fall KHOUMA\AppData\Roaming\npm;C:\Program Files\JetBrains\IntelliJ IDEA 2023.1.2\bin;;D:\Tools;D:\Multipass\bin
USERNAME=Cheikh Fall KHOUMA
OS=Windows_NT
PROCESSOR_IDENTIFIER=Intel64 Family 6 Model 142 Stepping 9, GenuineIntel



---------------  S Y S T E M  ---------------

OS: Windows 10 , 64 bit Build 19041 (10.0.19041.3636)

CPU:total 4 (initial active 4) (2 cores per cpu, 2 threads per core) family 6 model 142 stepping 9, cmov, cx8, fxsr, mmx, sse, sse2, sse3, ssse3, sse4.1, sse4.2, popcnt, avx, avx2, aes, clmul, erms, 3dnowpref, lzcnt, ht, tsc, tscinvbit, bmi1, bmi2, adx, fma

Memory: 4k page, system-wide physical 8075M (351M free)
TotalPageFile size 22070M (AvailPageFile size 0M)
current process WorkingSet (physical memory assigned to process): 240M, peak: 240M
current process commit charge ("private bytes"): 295M, peak: 296M

vm_info: Java HotSpot(TM) 64-Bit Server VM (11.0.4+10-LTS) for windows-amd64 JRE (11.0.4+10-LTS), built on Jul  4 2019 16:28:13 by "mach5one" with MS VC++ 15.5 (VS2017)

END.
